(---------------------------------------------------------------------)
(                                                                     )
(    Allegro Netrev Import Logic                                      )
(                                                                     )
(    Drawing          : DA_CONVERTOR2.brd                             )
(    Software Version : 17.2P019                                      )
(    Date/Time        : Wed Jul 31 16:33:42 2019                      )
(                                                                     )
(---------------------------------------------------------------------)


------ Directives ------------

Ripup etch:                  No
Ripup delete first segment:  No
Ripup retain bondwire:       No
Ripup symbols:               Always
Missing symbol has error:    No
DRC update:                  Yes
Schematic directory:         'C:\USERS\USER\DESKTOP\WORK\DA_CONVERTOR\allegro'
Design Directory:            '.'
Old design name:             'C:/Users/user/Desktop/work/DA_CONVERTOR/allegro/DA_CONVERTOR2.brd'
New design name:             'DA_CONVERTOR.brd'

CmdLine: netrev.exe -y 1 -i C:\USERS\USER\DESKTOP\WORK\DA_CONVERTOR\allegro C:\Users\user\Desktop\work\DA_CONVERTOR\allegro\DA_CONVERTOR2.brd C:\USERS\USER\DESKTOP\WORK\DA_CONVERTOR\allegro\DA_CONVERTOR.brd

------ Preparing to read pst files ------

Starting to read C:/USERS/USER/DESKTOP/WORK/DA_CONVERTOR/allegro/pstchip.dat 
   Finished reading C:/USERS/USER/DESKTOP/WORK/DA_CONVERTOR/allegro/pstchip.dat (00:00:00.05)
Starting to read C:/USERS/USER/DESKTOP/WORK/DA_CONVERTOR/allegro/pstxprt.dat 
   Finished reading C:/USERS/USER/DESKTOP/WORK/DA_CONVERTOR/allegro/pstxprt.dat (00:00:00.00)
Starting to read C:/USERS/USER/DESKTOP/WORK/DA_CONVERTOR/allegro/pstxnet.dat 
   Finished reading C:/USERS/USER/DESKTOP/WORK/DA_CONVERTOR/allegro/pstxnet.dat (00:00:00.00)

------ Oversights/Warnings/Errors ------


------ Library Paths ------
MODULEPATH =  . 
           C:/Cadence/SPB_17.2/share/local/pcb/modules 

PSMPATH =  . 
           symbols 
           .. 
           ../symbols 
           C:/Cadence/SPB_17.2/share/local/pcb/symbols 
           C:/Cadence/SPB_17.2/share/pcb/pcb_lib/symbols 
           C:/Cadence/SPB_17.2/share/pcb/allegrolib/symbols 
           C:/Users/user/Desktop/work/pcb underbar lib/psm/ 
           C:/Users/user/Desktop/work/my home/pcb7-16/ 
           C:/Users/user/Desktop/work/avrusb500/symbols/ 

PADPATH =  . 
           symbols 
           .. 
           ../symbols 
           C:/Cadence/SPB_17.2/share/local/pcb/padstacks 
           C:/Cadence/SPB_17.2/share/pcb/pcb_lib/symbols 
           C:/Cadence/SPB_17.2/share/pcb/allegrolib/symbols 
           C:/USERS/USER/DESKTOP/WORK/pcb underbar lib/psm/ 
           C:/Users/user/Desktop/work/my home/pcb7-16/ 
           C:/Users/user/Desktop/work/pcb underbar lib/pad/ 
           C:/Users/user/Desktop/work/avrusb500/symbols/ 


------ Summary Statistics ------


netrev run on Jul 31 16:33:42 2019
   DESIGN NAME : 'DA_CONVERTOR'
   PACKAGING ON Mar  2 2016 00:37:24

   COMPILE 'logic'
   CHECK_PIN_NAMES OFF
   CROSS_REFERENCE OFF
   FEEDBACK OFF
   INCREMENTAL OFF
   INTERFACE_TYPE PHYSICAL
   MAX_ERRORS 500
   MERGE_MINIMUM 5
   NET_NAME_CHARS '#%&()*+-./:=>?@[]^_`|'
   NET_NAME_LENGTH 24
   OVERSIGHTS ON
   REPLACE_CHECK OFF
   SINGLE_NODE_NETS ON
   SPLIT_MINIMUM 0
   SUPPRESS   20
   WARNINGS ON

 No error detected
 No oversight detected
 No warning detected

cpu time      0:00:46
elapsed time  0:00:01

